09-Aug-2019 11:42:55.340 INFO [main] org.apache.catalina.startup.VersionLoggerListener.log Server version:        Apache Tomcat/8.5.43
09-Aug-2019 11:42:55.346 INFO [main] org.apache.catalina.startup.VersionLoggerListener.log Server built:          Jul 4 2019 20:53:15 UTC
09-Aug-2019 11:42:55.346 INFO [main] org.apache.catalina.startup.VersionLoggerListener.log Server number:         8.5.43.0
09-Aug-2019 11:42:55.347 INFO [main] org.apache.catalina.startup.VersionLoggerListener.log OS Name:               Windows 7
09-Aug-2019 11:42:55.347 INFO [main] org.apache.catalina.startup.VersionLoggerListener.log OS Version:            6.1
09-Aug-2019 11:42:55.348 INFO [main] org.apache.catalina.startup.VersionLoggerListener.log Architecture:          amd64
09-Aug-2019 11:42:55.348 INFO [main] org.apache.catalina.startup.VersionLoggerListener.log Java Home:             C:\Program Files\Java\jre1.8.0_144
09-Aug-2019 11:42:55.348 INFO [main] org.apache.catalina.startup.VersionLoggerListener.log JVM Version:           1.8.0_144-b01
09-Aug-2019 11:42:55.349 INFO [main] org.apache.catalina.startup.VersionLoggerListener.log JVM Vendor:            Oracle Corporation
09-Aug-2019 11:42:55.349 INFO [main] org.apache.catalina.startup.VersionLoggerListener.log CATALINA_BASE:         E:\Softwares\apache-tomcat-8.5.43-windows-x64\apache-tomcat-8.5.43
09-Aug-2019 11:42:55.350 INFO [main] org.apache.catalina.startup.VersionLoggerListener.log CATALINA_HOME:         E:\Softwares\apache-tomcat-8.5.43-windows-x64\apache-tomcat-8.5.43
09-Aug-2019 11:42:55.350 INFO [main] org.apache.catalina.startup.VersionLoggerListener.log Command line argument: -Djava.util.logging.config.file=E:\Softwares\apache-tomcat-8.5.43-windows-x64\apache-tomcat-8.5.43\conf\logging.properties
09-Aug-2019 11:42:55.352 INFO [main] org.apache.catalina.startup.VersionLoggerListener.log Command line argument: -Djava.util.logging.manager=org.apache.juli.ClassLoaderLogManager
09-Aug-2019 11:42:55.352 INFO [main] org.apache.catalina.startup.VersionLoggerListener.log Command line argument: -Djdk.tls.ephemeralDHKeySize=2048
09-Aug-2019 11:42:55.353 INFO [main] org.apache.catalina.startup.VersionLoggerListener.log Command line argument: -Djava.protocol.handler.pkgs=org.apache.catalina.webresources
09-Aug-2019 11:42:55.354 INFO [main] org.apache.catalina.startup.VersionLoggerListener.log Command line argument: -Dignore.endorsed.dirs=
09-Aug-2019 11:42:55.354 INFO [main] org.apache.catalina.startup.VersionLoggerListener.log Command line argument: -Dcatalina.base=E:\Softwares\apache-tomcat-8.5.43-windows-x64\apache-tomcat-8.5.43
09-Aug-2019 11:42:55.389 INFO [main] org.apache.catalina.startup.VersionLoggerListener.log Command line argument: -Dcatalina.home=E:\Softwares\apache-tomcat-8.5.43-windows-x64\apache-tomcat-8.5.43
09-Aug-2019 11:42:55.390 INFO [main] org.apache.catalina.startup.VersionLoggerListener.log Command line argument: -Djava.io.tmpdir=E:\Softwares\apache-tomcat-8.5.43-windows-x64\apache-tomcat-8.5.43\temp
09-Aug-2019 11:42:55.390 INFO [main] org.apache.catalina.core.AprLifecycleListener.lifecycleEvent Loaded APR based Apache Tomcat Native library [1.2.23] using APR version [1.7.0].
09-Aug-2019 11:42:55.391 INFO [main] org.apache.catalina.core.AprLifecycleListener.lifecycleEvent APR capabilities: IPv6 [true], sendfile [true], accept filters [false], random [true].
09-Aug-2019 11:42:55.392 INFO [main] org.apache.catalina.core.AprLifecycleListener.lifecycleEvent APR/OpenSSL configuration: useAprConnector [false], useOpenSSL [true]
09-Aug-2019 11:42:55.420 INFO [main] org.apache.catalina.core.AprLifecycleListener.initializeSSL OpenSSL successfully initialized [OpenSSL 1.1.1c  28 May 2019]
09-Aug-2019 11:42:56.693 INFO [main] org.apache.coyote.AbstractProtocol.init Initializing ProtocolHandler ["http-nio-8081"]
09-Aug-2019 11:42:57.034 INFO [main] org.apache.tomcat.util.net.NioSelectorPool.getSharedSelector Using a shared selector for servlet write/read
09-Aug-2019 11:42:57.063 INFO [main] org.apache.coyote.AbstractProtocol.init Initializing ProtocolHandler ["ajp-nio-8009"]
09-Aug-2019 11:42:57.067 SEVERE [main] org.apache.catalina.core.StandardService.initInternal Failed to initialize connector [Connector[AJP/1.3-8009]]
	org.apache.catalina.LifecycleException: Failed to initialize component [Connector[AJP/1.3-8009]]
		at org.apache.catalina.util.LifecycleBase.init(LifecycleBase.java:112)
		at org.apache.catalina.core.StandardService.initInternal(StandardService.java:552)
		at org.apache.catalina.util.LifecycleBase.init(LifecycleBase.java:107)
		at org.apache.catalina.core.StandardServer.initInternal(StandardServer.java:852)
		at org.apache.catalina.util.LifecycleBase.init(LifecycleBase.java:107)
		at org.apache.catalina.startup.Catalina.load(Catalina.java:639)
		at org.apache.catalina.startup.Catalina.load(Catalina.java:662)
		at sun.reflect.NativeMethodAccessorImpl.invoke0(Native Method)
		at sun.reflect.NativeMethodAccessorImpl.invoke(Unknown Source)
		at sun.reflect.DelegatingMethodAccessorImpl.invoke(Unknown Source)
		at java.lang.reflect.Method.invoke(Unknown Source)
		at org.apache.catalina.startup.Bootstrap.load(Bootstrap.java:309)
		at org.apache.catalina.startup.Bootstrap.main(Bootstrap.java:492)
	Caused by: org.apache.catalina.LifecycleException: Protocol handler initialization failed
		at org.apache.catalina.connector.Connector.initInternal(Connector.java:995)
		at org.apache.catalina.util.LifecycleBase.init(LifecycleBase.java:107)
		... 12 more
	Caused by: java.net.BindException: Address already in use: bind
		at sun.nio.ch.Net.bind0(Native Method)
		at sun.nio.ch.Net.bind(Unknown Source)
		at sun.nio.ch.Net.bind(Unknown Source)
		at sun.nio.ch.ServerSocketChannelImpl.bind(Unknown Source)
		at sun.nio.ch.ServerSocketAdaptor.bind(Unknown Source)
		at org.apache.tomcat.util.net.NioEndpoint.bind(NioEndpoint.java:219)
		at org.apache.tomcat.util.net.AbstractEndpoint.init(AbstractEndpoint.java:1118)
		at org.apache.tomcat.util.net.AbstractJsseEndpoint.init(AbstractJsseEndpoint.java:224)
		at org.apache.coyote.AbstractProtocol.init(AbstractProtocol.java:581)
		at org.apache.catalina.connector.Connector.initInternal(Connector.java:993)
		... 13 more
09-Aug-2019 11:42:57.072 INFO [main] org.apache.catalina.startup.Catalina.load Initialization processed in 2652 ms
09-Aug-2019 11:42:57.139 INFO [main] org.apache.catalina.core.StandardService.startInternal Starting service [Catalina]
09-Aug-2019 11:42:57.140 INFO [main] org.apache.catalina.core.StandardEngine.startInternal Starting Servlet Engine: Apache Tomcat/8.5.43
09-Aug-2019 11:42:57.179 INFO [localhost-startStop-1] org.apache.catalina.startup.HostConfig.deployWAR Deploying web application archive [E:\Softwares\apache-tomcat-8.5.43-windows-x64\apache-tomcat-8.5.43\webapps\DemoProject.war]
09-Aug-2019 11:42:57.715 INFO [localhost-startStop-1] org.apache.catalina.startup.HostConfig.deployWAR Deployment of web application archive [E:\Softwares\apache-tomcat-8.5.43-windows-x64\apache-tomcat-8.5.43\webapps\DemoProject.war] has finished in [535] ms
09-Aug-2019 11:42:57.717 INFO [localhost-startStop-1] org.apache.catalina.startup.HostConfig.deployDirectory Deploying web application directory [E:\Softwares\apache-tomcat-8.5.43-windows-x64\apache-tomcat-8.5.43\webapps\docs]
09-Aug-2019 11:42:57.763 INFO [localhost-startStop-1] org.apache.catalina.startup.HostConfig.deployDirectory Deployment of web application directory [E:\Softwares\apache-tomcat-8.5.43-windows-x64\apache-tomcat-8.5.43\webapps\docs] has finished in [46] ms
09-Aug-2019 11:42:57.764 INFO [localhost-startStop-1] org.apache.catalina.startup.HostConfig.deployDirectory Deploying web application directory [E:\Softwares\apache-tomcat-8.5.43-windows-x64\apache-tomcat-8.5.43\webapps\examples]
09-Aug-2019 11:42:59.001 INFO [localhost-startStop-1] org.apache.catalina.startup.HostConfig.deployDirectory Deployment of web application directory [E:\Softwares\apache-tomcat-8.5.43-windows-x64\apache-tomcat-8.5.43\webapps\examples] has finished in [1,237] ms
09-Aug-2019 11:42:59.002 INFO [localhost-startStop-1] org.apache.catalina.startup.HostConfig.deployDirectory Deploying web application directory [E:\Softwares\apache-tomcat-8.5.43-windows-x64\apache-tomcat-8.5.43\webapps\host-manager]
09-Aug-2019 11:42:59.094 INFO [localhost-startStop-1] org.apache.catalina.startup.HostConfig.deployDirectory Deployment of web application directory [E:\Softwares\apache-tomcat-8.5.43-windows-x64\apache-tomcat-8.5.43\webapps\host-manager] has finished in [91] ms
09-Aug-2019 11:42:59.094 INFO [localhost-startStop-1] org.apache.catalina.startup.HostConfig.deployDirectory Deploying web application directory [E:\Softwares\apache-tomcat-8.5.43-windows-x64\apache-tomcat-8.5.43\webapps\manager]
09-Aug-2019 11:42:59.159 INFO [localhost-startStop-1] org.apache.catalina.startup.HostConfig.deployDirectory Deployment of web application directory [E:\Softwares\apache-tomcat-8.5.43-windows-x64\apache-tomcat-8.5.43\webapps\manager] has finished in [65] ms
09-Aug-2019 11:42:59.160 INFO [localhost-startStop-1] org.apache.catalina.startup.HostConfig.deployDirectory Deploying web application directory [E:\Softwares\apache-tomcat-8.5.43-windows-x64\apache-tomcat-8.5.43\webapps\ROOT]
09-Aug-2019 11:42:59.203 INFO [localhost-startStop-1] org.apache.catalina.startup.HostConfig.deployDirectory Deployment of web application directory [E:\Softwares\apache-tomcat-8.5.43-windows-x64\apache-tomcat-8.5.43\webapps\ROOT] has finished in [43] ms
09-Aug-2019 11:42:59.214 INFO [main] org.apache.coyote.AbstractProtocol.start Starting ProtocolHandler ["http-nio-8081"]
09-Aug-2019 11:42:59.238 INFO [main] org.apache.catalina.startup.Catalina.start Server startup in 2164 ms
09-Aug-2019 11:42:59.255 SEVERE [main] org.apache.catalina.core.StandardServer.await StandardServer.await: create[localhost:8005]: 
	java.net.BindException: Address already in use: JVM_Bind
		at java.net.DualStackPlainSocketImpl.bind0(Native Method)
		at java.net.DualStackPlainSocketImpl.socketBind(Unknown Source)
		at java.net.AbstractPlainSocketImpl.bind(Unknown Source)
		at java.net.PlainSocketImpl.bind(Unknown Source)
		at java.net.ServerSocket.bind(Unknown Source)
		at java.net.ServerSocket.<init>(Unknown Source)
		at org.apache.catalina.core.StandardServer.await(StandardServer.java:421)
		at org.apache.catalina.startup.Catalina.await(Catalina.java:776)
		at org.apache.catalina.startup.Catalina.start(Catalina.java:722)
		at sun.reflect.NativeMethodAccessorImpl.invoke0(Native Method)
		at sun.reflect.NativeMethodAccessorImpl.invoke(Unknown Source)
		at sun.reflect.DelegatingMethodAccessorImpl.invoke(Unknown Source)
		at java.lang.reflect.Method.invoke(Unknown Source)
		at org.apache.catalina.startup.Bootstrap.start(Bootstrap.java:353)
		at org.apache.catalina.startup.Bootstrap.main(Bootstrap.java:493)
09-Aug-2019 11:42:59.258 INFO [main] org.apache.coyote.AbstractProtocol.pause Pausing ProtocolHandler ["http-nio-8081"]
09-Aug-2019 11:42:59.424 INFO [main] org.apache.coyote.AbstractProtocol.pause Pausing ProtocolHandler ["ajp-nio-8009"]
09-Aug-2019 11:42:59.424 INFO [main] org.apache.catalina.core.StandardService.stopInternal Stopping service [Catalina]
09-Aug-2019 11:42:59.482 INFO [main] org.apache.coyote.AbstractProtocol.stop Stopping ProtocolHandler ["http-nio-8081"]
09-Aug-2019 11:42:59.489 INFO [main] org.apache.coyote.AbstractProtocol.destroy Destroying ProtocolHandler ["http-nio-8081"]
09-Aug-2019 11:42:59.491 INFO [main] org.apache.coyote.AbstractProtocol.stop Stopping ProtocolHandler ["ajp-nio-8009"]
09-Aug-2019 11:42:59.491 INFO [main] org.apache.coyote.AbstractProtocol.destroy Destroying ProtocolHandler ["ajp-nio-8009"]
09-Aug-2019 11:45:31.059 INFO [main] org.apache.catalina.startup.VersionLoggerListener.log Server version:        Apache Tomcat/8.5.43
09-Aug-2019 11:45:31.066 INFO [main] org.apache.catalina.startup.VersionLoggerListener.log Server built:          Jul 4 2019 20:53:15 UTC
09-Aug-2019 11:45:31.066 INFO [main] org.apache.catalina.startup.VersionLoggerListener.log Server number:         8.5.43.0
09-Aug-2019 11:45:31.067 INFO [main] org.apache.catalina.startup.VersionLoggerListener.log OS Name:               Windows 7
09-Aug-2019 11:45:31.067 INFO [main] org.apache.catalina.startup.VersionLoggerListener.log OS Version:            6.1
09-Aug-2019 11:45:31.067 INFO [main] org.apache.catalina.startup.VersionLoggerListener.log Architecture:          amd64
09-Aug-2019 11:45:31.068 INFO [main] org.apache.catalina.startup.VersionLoggerListener.log Java Home:             C:\Program Files\Java\jre1.8.0_144
09-Aug-2019 11:45:31.068 INFO [main] org.apache.catalina.startup.VersionLoggerListener.log JVM Version:           1.8.0_144-b01
09-Aug-2019 11:45:31.069 INFO [main] org.apache.catalina.startup.VersionLoggerListener.log JVM Vendor:            Oracle Corporation
09-Aug-2019 11:45:31.069 INFO [main] org.apache.catalina.startup.VersionLoggerListener.log CATALINA_BASE:         E:\Softwares\apache-tomcat-8.5.43-windows-x64\apache-tomcat-8.5.43
09-Aug-2019 11:45:31.069 INFO [main] org.apache.catalina.startup.VersionLoggerListener.log CATALINA_HOME:         E:\Softwares\apache-tomcat-8.5.43-windows-x64\apache-tomcat-8.5.43
09-Aug-2019 11:45:31.070 INFO [main] org.apache.catalina.startup.VersionLoggerListener.log Command line argument: -Djava.util.logging.config.file=E:\Softwares\apache-tomcat-8.5.43-windows-x64\apache-tomcat-8.5.43\conf\logging.properties
09-Aug-2019 11:45:31.071 INFO [main] org.apache.catalina.startup.VersionLoggerListener.log Command line argument: -Djava.util.logging.manager=org.apache.juli.ClassLoaderLogManager
09-Aug-2019 11:45:31.073 INFO [main] org.apache.catalina.startup.VersionLoggerListener.log Command line argument: -Djdk.tls.ephemeralDHKeySize=2048
09-Aug-2019 11:45:31.074 INFO [main] org.apache.catalina.startup.VersionLoggerListener.log Command line argument: -Djava.protocol.handler.pkgs=org.apache.catalina.webresources
09-Aug-2019 11:45:31.074 INFO [main] org.apache.catalina.startup.VersionLoggerListener.log Command line argument: -Dignore.endorsed.dirs=
09-Aug-2019 11:45:31.076 INFO [main] org.apache.catalina.startup.VersionLoggerListener.log Command line argument: -Dcatalina.base=E:\Softwares\apache-tomcat-8.5.43-windows-x64\apache-tomcat-8.5.43
09-Aug-2019 11:45:31.103 INFO [main] org.apache.catalina.startup.VersionLoggerListener.log Command line argument: -Dcatalina.home=E:\Softwares\apache-tomcat-8.5.43-windows-x64\apache-tomcat-8.5.43
09-Aug-2019 11:45:31.104 INFO [main] org.apache.catalina.startup.VersionLoggerListener.log Command line argument: -Djava.io.tmpdir=E:\Softwares\apache-tomcat-8.5.43-windows-x64\apache-tomcat-8.5.43\temp
09-Aug-2019 11:45:31.105 INFO [main] org.apache.catalina.core.AprLifecycleListener.lifecycleEvent Loaded APR based Apache Tomcat Native library [1.2.23] using APR version [1.7.0].
09-Aug-2019 11:45:31.105 INFO [main] org.apache.catalina.core.AprLifecycleListener.lifecycleEvent APR capabilities: IPv6 [true], sendfile [true], accept filters [false], random [true].
09-Aug-2019 11:45:31.106 INFO [main] org.apache.catalina.core.AprLifecycleListener.lifecycleEvent APR/OpenSSL configuration: useAprConnector [false], useOpenSSL [true]
09-Aug-2019 11:45:31.131 INFO [main] org.apache.catalina.core.AprLifecycleListener.initializeSSL OpenSSL successfully initialized [OpenSSL 1.1.1c  28 May 2019]
09-Aug-2019 11:45:31.523 INFO [main] org.apache.coyote.AbstractProtocol.init Initializing ProtocolHandler ["http-nio-8081"]
09-Aug-2019 11:45:31.838 INFO [main] org.apache.tomcat.util.net.NioSelectorPool.getSharedSelector Using a shared selector for servlet write/read
09-Aug-2019 11:45:31.858 INFO [main] org.apache.coyote.AbstractProtocol.init Initializing ProtocolHandler ["ajp-nio-8009"]
09-Aug-2019 11:45:31.863 INFO [main] org.apache.tomcat.util.net.NioSelectorPool.getSharedSelector Using a shared selector for servlet write/read
09-Aug-2019 11:45:31.864 INFO [main] org.apache.catalina.startup.Catalina.load Initialization processed in 1688 ms
09-Aug-2019 11:45:31.909 INFO [main] org.apache.catalina.core.StandardService.startInternal Starting service [Catalina]
09-Aug-2019 11:45:31.910 INFO [main] org.apache.catalina.core.StandardEngine.startInternal Starting Servlet Engine: Apache Tomcat/8.5.43
09-Aug-2019 11:45:31.943 INFO [localhost-startStop-1] org.apache.catalina.startup.HostConfig.deployWAR Deploying web application archive [E:\Softwares\apache-tomcat-8.5.43-windows-x64\apache-tomcat-8.5.43\webapps\DemoProject.war]
09-Aug-2019 11:45:32.312 INFO [localhost-startStop-1] org.apache.catalina.startup.HostConfig.deployWAR Deployment of web application archive [E:\Softwares\apache-tomcat-8.5.43-windows-x64\apache-tomcat-8.5.43\webapps\DemoProject.war] has finished in [368] ms
09-Aug-2019 11:45:32.314 INFO [localhost-startStop-1] org.apache.catalina.startup.HostConfig.deployDirectory Deploying web application directory [E:\Softwares\apache-tomcat-8.5.43-windows-x64\apache-tomcat-8.5.43\webapps\docs]
09-Aug-2019 11:45:32.350 INFO [localhost-startStop-1] org.apache.catalina.startup.HostConfig.deployDirectory Deployment of web application directory [E:\Softwares\apache-tomcat-8.5.43-windows-x64\apache-tomcat-8.5.43\webapps\docs] has finished in [36] ms
09-Aug-2019 11:45:32.350 INFO [localhost-startStop-1] org.apache.catalina.startup.HostConfig.deployDirectory Deploying web application directory [E:\Softwares\apache-tomcat-8.5.43-windows-x64\apache-tomcat-8.5.43\webapps\examples]
09-Aug-2019 11:45:32.971 INFO [localhost-startStop-1] org.apache.catalina.startup.HostConfig.deployDirectory Deployment of web application directory [E:\Softwares\apache-tomcat-8.5.43-windows-x64\apache-tomcat-8.5.43\webapps\examples] has finished in [621] ms
09-Aug-2019 11:45:32.971 INFO [localhost-startStop-1] org.apache.catalina.startup.HostConfig.deployDirectory Deploying web application directory [E:\Softwares\apache-tomcat-8.5.43-windows-x64\apache-tomcat-8.5.43\webapps\host-manager]
09-Aug-2019 11:45:33.032 INFO [localhost-startStop-1] org.apache.catalina.startup.HostConfig.deployDirectory Deployment of web application directory [E:\Softwares\apache-tomcat-8.5.43-windows-x64\apache-tomcat-8.5.43\webapps\host-manager] has finished in [61] ms
09-Aug-2019 11:45:33.033 INFO [localhost-startStop-1] org.apache.catalina.startup.HostConfig.deployDirectory Deploying web application directory [E:\Softwares\apache-tomcat-8.5.43-windows-x64\apache-tomcat-8.5.43\webapps\manager]
09-Aug-2019 11:45:33.077 INFO [localhost-startStop-1] org.apache.catalina.startup.HostConfig.deployDirectory Deployment of web application directory [E:\Softwares\apache-tomcat-8.5.43-windows-x64\apache-tomcat-8.5.43\webapps\manager] has finished in [44] ms
09-Aug-2019 11:45:33.077 INFO [localhost-startStop-1] org.apache.catalina.startup.HostConfig.deployDirectory Deploying web application directory [E:\Softwares\apache-tomcat-8.5.43-windows-x64\apache-tomcat-8.5.43\webapps\ROOT]
09-Aug-2019 11:45:33.110 INFO [localhost-startStop-1] org.apache.catalina.startup.HostConfig.deployDirectory Deployment of web application directory [E:\Softwares\apache-tomcat-8.5.43-windows-x64\apache-tomcat-8.5.43\webapps\ROOT] has finished in [33] ms
09-Aug-2019 11:45:33.115 INFO [main] org.apache.coyote.AbstractProtocol.start Starting ProtocolHandler ["http-nio-8081"]
09-Aug-2019 11:45:33.136 INFO [main] org.apache.coyote.AbstractProtocol.start Starting ProtocolHandler ["ajp-nio-8009"]
09-Aug-2019 11:45:33.146 INFO [main] org.apache.catalina.startup.Catalina.start Server startup in 1280 ms
09-Aug-2019 11:45:55.443 INFO [Thread-5] org.apache.coyote.AbstractProtocol.pause Pausing ProtocolHandler ["http-nio-8081"]
09-Aug-2019 11:49:16.607 INFO [main] org.apache.catalina.startup.VersionLoggerListener.log Server version:        Apache Tomcat/8.5.43
09-Aug-2019 11:49:16.843 INFO [main] org.apache.catalina.startup.VersionLoggerListener.log Server built:          Jul 4 2019 20:53:15 UTC
09-Aug-2019 11:49:16.844 INFO [main] org.apache.catalina.startup.VersionLoggerListener.log Server number:         8.5.43.0
09-Aug-2019 11:49:16.844 INFO [main] org.apache.catalina.startup.VersionLoggerListener.log OS Name:               Windows 7
09-Aug-2019 11:49:16.845 INFO [main] org.apache.catalina.startup.VersionLoggerListener.log OS Version:            6.1
09-Aug-2019 11:49:16.845 INFO [main] org.apache.catalina.startup.VersionLoggerListener.log Architecture:          amd64
09-Aug-2019 11:49:16.845 INFO [main] org.apache.catalina.startup.VersionLoggerListener.log Java Home:             C:\Program Files\Java\jre1.8.0_144
09-Aug-2019 11:49:16.846 INFO [main] org.apache.catalina.startup.VersionLoggerListener.log JVM Version:           1.8.0_144-b01
09-Aug-2019 11:49:16.846 INFO [main] org.apache.catalina.startup.VersionLoggerListener.log JVM Vendor:            Oracle Corporation
09-Aug-2019 11:49:16.846 INFO [main] org.apache.catalina.startup.VersionLoggerListener.log CATALINA_BASE:         E:\Softwares\apache-tomcat-8.5.43-windows-x64\apache-tomcat-8.5.43
09-Aug-2019 11:49:16.847 INFO [main] org.apache.catalina.startup.VersionLoggerListener.log CATALINA_HOME:         E:\Softwares\apache-tomcat-8.5.43-windows-x64\apache-tomcat-8.5.43
09-Aug-2019 11:49:16.847 INFO [main] org.apache.catalina.startup.VersionLoggerListener.log Command line argument: -Djava.util.logging.config.file=E:\Softwares\apache-tomcat-8.5.43-windows-x64\apache-tomcat-8.5.43\conf\logging.properties
09-Aug-2019 11:49:16.847 INFO [main] org.apache.catalina.startup.VersionLoggerListener.log Command line argument: -Djava.util.logging.manager=org.apache.juli.ClassLoaderLogManager
09-Aug-2019 11:49:16.848 INFO [main] org.apache.catalina.startup.VersionLoggerListener.log Command line argument: -Djdk.tls.ephemeralDHKeySize=2048
09-Aug-2019 11:49:16.849 INFO [main] org.apache.catalina.startup.VersionLoggerListener.log Command line argument: -Djava.protocol.handler.pkgs=org.apache.catalina.webresources
09-Aug-2019 11:49:16.849 INFO [main] org.apache.catalina.startup.VersionLoggerListener.log Command line argument: -Dignore.endorsed.dirs=
09-Aug-2019 11:49:16.850 INFO [main] org.apache.catalina.startup.VersionLoggerListener.log Command line argument: -Dcatalina.base=E:\Softwares\apache-tomcat-8.5.43-windows-x64\apache-tomcat-8.5.43
09-Aug-2019 11:49:16.883 INFO [main] org.apache.catalina.startup.VersionLoggerListener.log Command line argument: -Dcatalina.home=E:\Softwares\apache-tomcat-8.5.43-windows-x64\apache-tomcat-8.5.43
09-Aug-2019 11:49:16.884 INFO [main] org.apache.catalina.startup.VersionLoggerListener.log Command line argument: -Djava.io.tmpdir=E:\Softwares\apache-tomcat-8.5.43-windows-x64\apache-tomcat-8.5.43\temp
09-Aug-2019 11:49:16.884 INFO [main] org.apache.catalina.core.AprLifecycleListener.lifecycleEvent Loaded APR based Apache Tomcat Native library [1.2.23] using APR version [1.7.0].
09-Aug-2019 11:49:16.885 INFO [main] org.apache.catalina.core.AprLifecycleListener.lifecycleEvent APR capabilities: IPv6 [true], sendfile [true], accept filters [false], random [true].
09-Aug-2019 11:49:16.886 INFO [main] org.apache.catalina.core.AprLifecycleListener.lifecycleEvent APR/OpenSSL configuration: useAprConnector [false], useOpenSSL [true]
09-Aug-2019 11:49:16.912 INFO [main] org.apache.catalina.core.AprLifecycleListener.initializeSSL OpenSSL successfully initialized [OpenSSL 1.1.1c  28 May 2019]
09-Aug-2019 11:49:18.502 INFO [main] org.apache.coyote.AbstractProtocol.init Initializing ProtocolHandler ["http-nio-8081"]
09-Aug-2019 11:49:18.846 INFO [main] org.apache.tomcat.util.net.NioSelectorPool.getSharedSelector Using a shared selector for servlet write/read
09-Aug-2019 11:49:18.872 INFO [main] org.apache.coyote.AbstractProtocol.init Initializing ProtocolHandler ["ajp-nio-8009"]
09-Aug-2019 11:49:18.878 INFO [main] org.apache.tomcat.util.net.NioSelectorPool.getSharedSelector Using a shared selector for servlet write/read
09-Aug-2019 11:49:18.880 INFO [main] org.apache.catalina.startup.Catalina.load Initialization processed in 3226 ms
09-Aug-2019 11:49:18.947 INFO [main] org.apache.catalina.core.StandardService.startInternal Starting service [Catalina]
09-Aug-2019 11:49:18.947 INFO [main] org.apache.catalina.core.StandardEngine.startInternal Starting Servlet Engine: Apache Tomcat/8.5.43
09-Aug-2019 11:49:19.004 INFO [localhost-startStop-1] org.apache.catalina.startup.HostConfig.deployWAR Deploying web application archive [E:\Softwares\apache-tomcat-8.5.43-windows-x64\apache-tomcat-8.5.43\webapps\DemoProject.war]
09-Aug-2019 11:49:19.715 INFO [localhost-startStop-1] org.apache.catalina.startup.HostConfig.deployWAR Deployment of web application archive [E:\Softwares\apache-tomcat-8.5.43-windows-x64\apache-tomcat-8.5.43\webapps\DemoProject.war] has finished in [710] ms
09-Aug-2019 11:49:19.717 INFO [localhost-startStop-1] org.apache.catalina.startup.HostConfig.deployDirectory Deploying web application directory [E:\Softwares\apache-tomcat-8.5.43-windows-x64\apache-tomcat-8.5.43\webapps\docs]
09-Aug-2019 11:49:19.762 INFO [localhost-startStop-1] org.apache.catalina.startup.HostConfig.deployDirectory Deployment of web application directory [E:\Softwares\apache-tomcat-8.5.43-windows-x64\apache-tomcat-8.5.43\webapps\docs] has finished in [44] ms
09-Aug-2019 11:49:19.762 INFO [localhost-startStop-1] org.apache.catalina.startup.HostConfig.deployDirectory Deploying web application directory [E:\Softwares\apache-tomcat-8.5.43-windows-x64\apache-tomcat-8.5.43\webapps\examples]
09-Aug-2019 11:49:21.119 INFO [localhost-startStop-1] org.apache.catalina.startup.HostConfig.deployDirectory Deployment of web application directory [E:\Softwares\apache-tomcat-8.5.43-windows-x64\apache-tomcat-8.5.43\webapps\examples] has finished in [1,357] ms
09-Aug-2019 11:49:21.139 INFO [localhost-startStop-1] org.apache.catalina.startup.HostConfig.deployDirectory Deploying web application directory [E:\Softwares\apache-tomcat-8.5.43-windows-x64\apache-tomcat-8.5.43\webapps\host-manager]
09-Aug-2019 11:49:21.232 INFO [localhost-startStop-1] org.apache.catalina.startup.HostConfig.deployDirectory Deployment of web application directory [E:\Softwares\apache-tomcat-8.5.43-windows-x64\apache-tomcat-8.5.43\webapps\host-manager] has finished in [94] ms
09-Aug-2019 11:49:21.232 INFO [localhost-startStop-1] org.apache.catalina.startup.HostConfig.deployDirectory Deploying web application directory [E:\Softwares\apache-tomcat-8.5.43-windows-x64\apache-tomcat-8.5.43\webapps\manager]
09-Aug-2019 11:49:21.304 INFO [localhost-startStop-1] org.apache.catalina.startup.HostConfig.deployDirectory Deployment of web application directory [E:\Softwares\apache-tomcat-8.5.43-windows-x64\apache-tomcat-8.5.43\webapps\manager] has finished in [72] ms
09-Aug-2019 11:49:21.305 INFO [localhost-startStop-1] org.apache.catalina.startup.HostConfig.deployDirectory Deploying web application directory [E:\Softwares\apache-tomcat-8.5.43-windows-x64\apache-tomcat-8.5.43\webapps\ROOT]
09-Aug-2019 11:49:21.345 INFO [localhost-startStop-1] org.apache.catalina.startup.HostConfig.deployDirectory Deployment of web application directory [E:\Softwares\apache-tomcat-8.5.43-windows-x64\apache-tomcat-8.5.43\webapps\ROOT] has finished in [40] ms
09-Aug-2019 11:49:21.355 INFO [main] org.apache.coyote.AbstractProtocol.start Starting ProtocolHandler ["http-nio-8081"]
09-Aug-2019 11:49:21.381 INFO [main] org.apache.coyote.AbstractProtocol.start Starting ProtocolHandler ["ajp-nio-8009"]
09-Aug-2019 11:49:21.392 INFO [main] org.apache.catalina.startup.Catalina.start Server startup in 2512 ms
